<?xml version="1.0" encoding="UTF-8"?>
<!-- Generated by org.testng.reporters.JUnitReportReporter -->
<testsuite hostname="ANUJA" failures="0" tests="1" name="restBDD.GetRequestBDD" time="2.178" errors="0" timestamp="16 Jun 2022 11:42:47 GMT" skipped="0">
  <testcase classname="restBDD.GetRequestBDD" name="Test3" time="2.178"/>
</testsuite> <!-- restBDD.GetRequestBDD -->
