<?xml version="1.0" encoding="UTF-8"?>
<!-- Generated by org.testng.reporters.JUnitReportReporter -->
<testsuite hostname="ANUJA" failures="0" tests="1" name="restAPI.GETRequest" time="2.869" errors="0" timestamp="16 Jun 2022 06:48:57 GMT" skipped="0">
  <testcase classname="restAPI.GETRequest" name="GetMethod" time="2.869"/>
</testsuite> <!-- restAPI.GETRequest -->
