<?xml version="1.0" encoding="UTF-8"?>
<!-- Generated by org.testng.reporters.JUnitReportReporter -->
<testsuite hostname="ANUJA" failures="0" tests="1" name="restAPI.PostRequestWithMap" time="3.326" errors="0" timestamp="16 Jun 2022 03:58:37 GMT" skipped="0">
  <testcase classname="restAPI.PostRequestWithMap" name="PostMethod" time="3.326"/>
</testsuite> <!-- restAPI.PostRequestWithMap -->
