<?xml version="1.0" encoding="UTF-8"?>
<!-- Generated by org.testng.reporters.JUnitReportReporter -->
<testsuite hostname="ANUJA" failures="0" tests="1" name="gitHub.EndToEndTest" time="3.664" errors="0" timestamp="16 Jun 2022 07:11:10 GMT" skipped="0">
  <testcase classname="gitHub.EndToEndTest" name="TestMethod" time="3.664"/>
</testsuite> <!-- gitHub.EndToEndTest -->
