<?xml version="1.0" encoding="UTF-8"?>
<!-- Generated by org.testng.reporters.JUnitReportReporter -->
<testsuite hostname="ANUJA" failures="0" tests="1" name="restBDD.PostRequestBDD" time="2.693" errors="0" timestamp="16 Jun 2022 12:00:03 GMT" skipped="0">
  <testcase classname="restBDD.PostRequestBDD" name="Test2" time="2.693"/>
</testsuite> <!-- restBDD.PostRequestBDD -->
