<?xml version="1.0" encoding="UTF-8"?>
<!-- Generated by org.testng.reporters.JUnitReportReporter -->
<testsuite hostname="ANUJA" failures="0" tests="1" name="restAPI.PostRequest" time="2.730" errors="0" timestamp="12 Jun 2022 13:07:21 GMT" skipped="0">
  <testcase classname="restAPI.PostRequest" name="PostMethod" time="2.730"/>
</testsuite> <!-- restAPI.PostRequest -->
