<?xml version="1.0" encoding="UTF-8"?>
<!-- Generated by org.testng.reporters.JUnitReportReporter -->
<testsuite hostname="ANUJA" failures="0" tests="1" name="restAPI.GetRequestWithParam" time="3.129" errors="0" timestamp="12 Jun 2022 12:30:41 GMT" skipped="0">
  <testcase classname="restAPI.GetRequestWithParam" name="GetMethod" time="3.129"/>
</testsuite> <!-- restAPI.GetRequestWithParam -->
