<?xml version="1.0" encoding="UTF-8"?>
<!-- Generated by org.testng.reporters.JUnitReportReporter -->
<testsuite hostname="ANUJA" failures="0" tests="1" name="restAPI.PostRequestWithFileData" time="2.394" errors="0" timestamp="12 Jun 2022 13:58:22 GMT" skipped="0">
  <testcase classname="restAPI.PostRequestWithFileData" name="PostMethod" time="2.394"/>
</testsuite> <!-- restAPI.PostRequestWithFileData -->
