<?xml version="1.0" encoding="UTF-8"?>
<!-- Generated by org.testng.reporters.JUnitReportReporter -->
<testsuite hostname="ANUJA" failures="0" tests="1" name="restBDD.PutRequestBDD" time="2.668" errors="0" timestamp="16 Jun 2022 12:03:08 GMT" skipped="0">
  <testcase classname="restBDD.PutRequestBDD" name="Test1" time="2.668"/>
</testsuite> <!-- restBDD.PutRequestBDD -->
