<?xml version="1.0" encoding="UTF-8"?>
<!-- Generated by org.testng.reporters.JUnitReportReporter -->
<testsuite hostname="ANUJA" failures="0" tests="1" name="restAPI.PostRequestWithJsonObject" time="2.528" errors="0" timestamp="12 Jun 2022 13:27:04 GMT" skipped="0">
  <testcase classname="restAPI.PostRequestWithJsonObject" name="PostMethod" time="2.528"/>
</testsuite> <!-- restAPI.PostRequestWithJsonObject -->
