<?xml version="1.0" encoding="UTF-8"?>
<!-- Generated by org.testng.reporters.JUnitReportReporter -->
<testsuite hostname="ANUJA" failures="0" tests="1" name="restAPI.PUTRequest" time="2.533" errors="0" timestamp="16 Jun 2022 03:59:21 GMT" skipped="0">
  <testcase classname="restAPI.PUTRequest" name="PutMethod" time="2.533"/>
</testsuite> <!-- restAPI.PUTRequest -->
