<?xml version="1.0" encoding="UTF-8"?>
<!-- Generated by org.testng.reporters.JUnitReportReporter -->
<testsuite hostname="ANUJA" failures="0" tests="1" name="restAPI.DeleteRequest" time="1.922" errors="0" timestamp="16 Jun 2022 04:07:04 GMT" skipped="0">
  <testcase classname="restAPI.DeleteRequest" name="DeleteMethod" time="1.922"/>
</testsuite> <!-- restAPI.DeleteRequest -->
