<?xml version="1.0" encoding="UTF-8"?>
<!-- Generated by org.testng.reporters.JUnitReportReporter -->
<testsuite hostname="ANUJA" failures="0" tests="1" name="apiChaining.EndToEndTest" time="3.171" errors="0" timestamp="16 Jun 2022 06:22:26 GMT" skipped="0">
  <testcase classname="apiChaining.EndToEndTest" name="TestMethod" time="3.171"/>
</testsuite> <!-- apiChaining.EndToEndTest -->
