<?xml version="1.0" encoding="UTF-8"?>
<!-- Generated by org.testng.reporters.JUnitReportReporter -->
<testsuite hostname="ANUJA" failures="0" tests="1" name="restAPIXML.XMLTest" time="3.530" errors="0" timestamp="16 Jun 2022 13:32:54 GMT" skipped="0">
  <testcase classname="restAPIXML.XMLTest" name="Test2" time="3.530"/>
</testsuite> <!-- restAPIXML.XMLTest -->
