<?xml version="1.0" encoding="UTF-8"?>
<!-- Generated by org.testng.reporters.JUnitReportReporter -->
<testsuite skipped="0" hostname="ANUJA" name="apiChaining.EndToEndTest" tests="1" failures="0" timestamp="16 Jun 2022 06:27:39 GMT" time="3.709" errors="0">
  <testcase name="TestMethod" time="3.709" classname="apiChaining.EndToEndTest"/>
</testsuite> <!-- apiChaining.EndToEndTest -->
